CRITICAL - 2024-02-15 06:15:44 --> ErrorException: Undefined property: App\Controllers\Admin\AnnouncementController::$Announcement
in APPPATH\Controllers\Admin\AnnouncementController.php on line 12.
 1 APPPATH\Controllers\Admin\AnnouncementController.php(12): CodeIgniter\Debug\Exceptions->errorHandler(2, 'Undefined property: App\\Controllers\\Admin\\AnnouncementController::$Announcement', 'C:\\laragon\\www\\capstone\\app\\Controllers\\Admin\\AnnouncementController.php', 12)
 2 SYSTEMPATH\CodeIgniter.php(941): App\Controllers\Admin\AnnouncementController->index()
 3 SYSTEMPATH\CodeIgniter.php(502): CodeIgniter\CodeIgniter->runController(Object(App\Controllers\Admin\AnnouncementController))
 4 SYSTEMPATH\CodeIgniter.php(361): CodeIgniter\CodeIgniter->handleRequest(null, Object(Config\Cache), false)
 5 FCPATH\index.php(79): CodeIgniter\CodeIgniter->run()
CRITICAL - 2024-02-15 06:16:15 --> ErrorException: Undefined property: App\Controllers\Admin\AnnouncementController::$announcement
in APPPATH\Controllers\Admin\AnnouncementController.php on line 12.
 1 APPPATH\Controllers\Admin\AnnouncementController.php(12): CodeIgniter\Debug\Exceptions->errorHandler(2, 'Undefined property: App\\Controllers\\Admin\\AnnouncementController::$announcement', 'C:\\laragon\\www\\capstone\\app\\Controllers\\Admin\\AnnouncementController.php', 12)
 2 SYSTEMPATH\CodeIgniter.php(941): App\Controllers\Admin\AnnouncementController->index()
 3 SYSTEMPATH\CodeIgniter.php(502): CodeIgniter\CodeIgniter->runController(Object(App\Controllers\Admin\AnnouncementController))
 4 SYSTEMPATH\CodeIgniter.php(361): CodeIgniter\CodeIgniter->handleRequest(null, Object(Config\Cache), false)
 5 FCPATH\index.php(79): CodeIgniter\CodeIgniter->run()
CRITICAL - 2024-02-15 06:18:22 --> ErrorException: Undefined property: App\Controllers\Admin\AnnouncementController::$announcements
in APPPATH\Controllers\Admin\AnnouncementController.php on line 12.
 1 APPPATH\Controllers\Admin\AnnouncementController.php(12): CodeIgniter\Debug\Exceptions->errorHandler(2, 'Undefined property: App\\Controllers\\Admin\\AnnouncementController::$announcements', 'C:\\laragon\\www\\capstone\\app\\Controllers\\Admin\\AnnouncementController.php', 12)
 2 SYSTEMPATH\CodeIgniter.php(941): App\Controllers\Admin\AnnouncementController->index()
 3 SYSTEMPATH\CodeIgniter.php(502): CodeIgniter\CodeIgniter->runController(Object(App\Controllers\Admin\AnnouncementController))
 4 SYSTEMPATH\CodeIgniter.php(361): CodeIgniter\CodeIgniter->handleRequest(null, Object(Config\Cache), false)
 5 FCPATH\index.php(79): CodeIgniter\CodeIgniter->run()
CRITICAL - 2024-02-15 06:21:33 --> ErrorException: Undefined property: App\Controllers\Admin\AnnouncementController::$announcement
in APPPATH\Controllers\Admin\AnnouncementController.php on line 12.
 1 APPPATH\Controllers\Admin\AnnouncementController.php(12): CodeIgniter\Debug\Exceptions->errorHandler(2, 'Undefined property: App\\Controllers\\Admin\\AnnouncementController::$announcement', 'C:\\laragon\\www\\capstone\\app\\Controllers\\Admin\\AnnouncementController.php', 12)
 2 SYSTEMPATH\CodeIgniter.php(941): App\Controllers\Admin\AnnouncementController->index()
 3 SYSTEMPATH\CodeIgniter.php(502): CodeIgniter\CodeIgniter->runController(Object(App\Controllers\Admin\AnnouncementController))
 4 SYSTEMPATH\CodeIgniter.php(361): CodeIgniter\CodeIgniter->handleRequest(null, Object(Config\Cache), false)
 5 FCPATH\index.php(79): CodeIgniter\CodeIgniter->run()
CRITICAL - 2024-02-15 06:25:57 --> Error: Class "App\Controllers\Admin\AnnouncementController" not found
in APPPATH\Controllers\Admin\AnnouncementController.php on line 10.
 1 SYSTEMPATH\Autoloader\Autoloader.php(309): include_once()
 2 SYSTEMPATH\Autoloader\Autoloader.php(288): CodeIgniter\Autoloader\Autoloader->includeFile('C:\\laragon\\www\\capstone\\app\\Controllers\\Admin\\AnnouncementController.php')
 3 SYSTEMPATH\Autoloader\Autoloader.php(266): CodeIgniter\Autoloader\Autoloader->loadInNamespace('App\\Controllers\\Admin\\AnnouncementController')
 4 [internal function]: CodeIgniter\Autoloader\Autoloader->loadClass('App\\Controllers\\Admin\\AnnouncementController')
 5 SYSTEMPATH\CodeIgniter.php(899): class_exists('\\App\\Controllers\\Admin\\AnnouncementController', true)
 6 SYSTEMPATH\CodeIgniter.php(489): CodeIgniter\CodeIgniter->startController()
 7 SYSTEMPATH\CodeIgniter.php(361): CodeIgniter\CodeIgniter->handleRequest(null, Object(Config\Cache), false)
 8 FCPATH\index.php(79): CodeIgniter\CodeIgniter->run()
CRITICAL - 2024-02-15 06:25:58 --> Error: Class "App\Controllers\Admin\AnnouncementController" not found
in APPPATH\Controllers\Admin\AnnouncementController.php on line 10.
 1 SYSTEMPATH\Autoloader\Autoloader.php(309): include_once()
 2 SYSTEMPATH\Autoloader\Autoloader.php(288): CodeIgniter\Autoloader\Autoloader->includeFile('C:\\laragon\\www\\capstone\\app\\Controllers\\Admin\\AnnouncementController.php')
 3 SYSTEMPATH\Autoloader\Autoloader.php(266): CodeIgniter\Autoloader\Autoloader->loadInNamespace('App\\Controllers\\Admin\\AnnouncementController')
 4 [internal function]: CodeIgniter\Autoloader\Autoloader->loadClass('App\\Controllers\\Admin\\AnnouncementController')
 5 SYSTEMPATH\CodeIgniter.php(899): class_exists('\\App\\Controllers\\Admin\\AnnouncementController', true)
 6 SYSTEMPATH\CodeIgniter.php(489): CodeIgniter\CodeIgniter->startController()
 7 SYSTEMPATH\CodeIgniter.php(361): CodeIgniter\CodeIgniter->handleRequest(null, Object(Config\Cache), false)
 8 FCPATH\index.php(79): CodeIgniter\CodeIgniter->run()
CRITICAL - 2024-02-15 06:27:45 --> ErrorException: Undefined property: App\Controllers\Admin\AnnouncementController::$announcement
in APPPATH\Controllers\Admin\AnnouncementController.php on line 13.
 1 APPPATH\Controllers\Admin\AnnouncementController.php(13): CodeIgniter\Debug\Exceptions->errorHandler(2, 'Undefined property: App\\Controllers\\Admin\\AnnouncementController::$announcement', 'C:\\laragon\\www\\capstone\\app\\Controllers\\Admin\\AnnouncementController.php', 13)
 2 SYSTEMPATH\CodeIgniter.php(941): App\Controllers\Admin\AnnouncementController->index()
 3 SYSTEMPATH\CodeIgniter.php(502): CodeIgniter\CodeIgniter->runController(Object(App\Controllers\Admin\AnnouncementController))
 4 SYSTEMPATH\CodeIgniter.php(361): CodeIgniter\CodeIgniter->handleRequest(null, Object(Config\Cache), false)
 5 FCPATH\index.php(79): CodeIgniter\CodeIgniter->run()
CRITICAL - 2024-02-15 06:35:09 --> ErrorException: Undefined variable $products
in APPPATH\Views\Pages\Admin\announcements.php on line 69.
 1 APPPATH\Views\Pages\Admin\announcements.php(69): CodeIgniter\Debug\Exceptions->errorHandler(2, 'Undefined variable $products', 'C:\\laragon\\www\\capstone\\app\\Views\\Pages\\Admin\\announcements.php', 69)
 2 SYSTEMPATH\View\View.php(228): include('C:\\laragon\\www\\capstone\\app\\Views\\Pages\\Admin\\announcements.php')
 3 SYSTEMPATH\View\View.php(231): CodeIgniter\View\View->CodeIgniter\View\{closure}()
 4 SYSTEMPATH\Common.php(1178): CodeIgniter\View\View->render('pages/admin/announcements', [], true)
 5 APPPATH\Controllers\Admin\AnnouncementController.php(16): view('pages/admin/announcements', [...])
 6 SYSTEMPATH\CodeIgniter.php(941): App\Controllers\Admin\AnnouncementController->index()
 7 SYSTEMPATH\CodeIgniter.php(502): CodeIgniter\CodeIgniter->runController(Object(App\Controllers\Admin\AnnouncementController))
 8 SYSTEMPATH\CodeIgniter.php(361): CodeIgniter\CodeIgniter->handleRequest(null, Object(Config\Cache), false)
 9 FCPATH\index.php(79): CodeIgniter\CodeIgniter->run()
CRITICAL - 2024-02-15 06:36:05 --> ErrorException: Undefined array key "announcement-dec"
in APPPATH\Views\Pages\Admin\announcements.php on line 72.
 1 APPPATH\Views\Pages\Admin\announcements.php(72): CodeIgniter\Debug\Exceptions->errorHandler(2, 'Undefined array key "announcement-dec"', 'C:\\laragon\\www\\capstone\\app\\Views\\Pages\\Admin\\announcements.php', 72)
 2 SYSTEMPATH\View\View.php(228): include('C:\\laragon\\www\\capstone\\app\\Views\\Pages\\Admin\\announcements.php')
 3 SYSTEMPATH\View\View.php(231): CodeIgniter\View\View->CodeIgniter\View\{closure}()
 4 SYSTEMPATH\Common.php(1178): CodeIgniter\View\View->render('pages/admin/announcements', [], true)
 5 APPPATH\Controllers\Admin\AnnouncementController.php(16): view('pages/admin/announcements', [...])
 6 SYSTEMPATH\CodeIgniter.php(941): App\Controllers\Admin\AnnouncementController->index()
 7 SYSTEMPATH\CodeIgniter.php(502): CodeIgniter\CodeIgniter->runController(Object(App\Controllers\Admin\AnnouncementController))
 8 SYSTEMPATH\CodeIgniter.php(361): CodeIgniter\CodeIgniter->handleRequest(null, Object(Config\Cache), false)
 9 FCPATH\index.php(79): CodeIgniter\CodeIgniter->run()
CRITICAL - 2024-02-15 06:36:18 --> ErrorException: Undefined array key "announcement_dec"
in APPPATH\Views\Pages\Admin\announcements.php on line 72.
 1 APPPATH\Views\Pages\Admin\announcements.php(72): CodeIgniter\Debug\Exceptions->errorHandler(2, 'Undefined array key "announcement_dec"', 'C:\\laragon\\www\\capstone\\app\\Views\\Pages\\Admin\\announcements.php', 72)
 2 SYSTEMPATH\View\View.php(228): include('C:\\laragon\\www\\capstone\\app\\Views\\Pages\\Admin\\announcements.php')
 3 SYSTEMPATH\View\View.php(231): CodeIgniter\View\View->CodeIgniter\View\{closure}()
 4 SYSTEMPATH\Common.php(1178): CodeIgniter\View\View->render('pages/admin/announcements', [], true)
 5 APPPATH\Controllers\Admin\AnnouncementController.php(16): view('pages/admin/announcements', [...])
 6 SYSTEMPATH\CodeIgniter.php(941): App\Controllers\Admin\AnnouncementController->index()
 7 SYSTEMPATH\CodeIgniter.php(502): CodeIgniter\CodeIgniter->runController(Object(App\Controllers\Admin\AnnouncementController))
 8 SYSTEMPATH\CodeIgniter.php(361): CodeIgniter\CodeIgniter->handleRequest(null, Object(Config\Cache), false)
 9 FCPATH\index.php(79): CodeIgniter\CodeIgniter->run()
CRITICAL - 2024-02-15 11:48:33 --> ErrorException: Undefined variable $announcement
in APPPATH\Views\Pages\Admin\scholar.php on line 69.
 1 APPPATH\Views\Pages\Admin\scholar.php(69): CodeIgniter\Debug\Exceptions->errorHandler(2, 'Undefined variable $announcement', 'C:\\laragon\\www\\capstone\\app\\Views\\Pages\\Admin\\scholar.php', 69)
 2 SYSTEMPATH\View\View.php(228): include('C:\\laragon\\www\\capstone\\app\\Views\\Pages\\Admin\\scholar.php')
 3 SYSTEMPATH\View\View.php(231): CodeIgniter\View\View->CodeIgniter\View\{closure}()
 4 SYSTEMPATH\Common.php(1178): CodeIgniter\View\View->render('pages/admin/scholar', [], true)
 5 APPPATH\Controllers\Admin\ScholarInfoController.php(20): view('pages/admin/scholar')
 6 SYSTEMPATH\CodeIgniter.php(941): App\Controllers\Admin\ScholarInfoController->index()
 7 SYSTEMPATH\CodeIgniter.php(502): CodeIgniter\CodeIgniter->runController(Object(App\Controllers\Admin\ScholarInfoController))
 8 SYSTEMPATH\CodeIgniter.php(361): CodeIgniter\CodeIgniter->handleRequest(null, Object(Config\Cache), false)
 9 FCPATH\index.php(79): CodeIgniter\CodeIgniter->run()
CRITICAL - 2024-02-15 12:45:24 --> ErrorException: Undefined variable $scholarinfo
in APPPATH\Views\Pages\Admin\scholar.php on line 69.
 1 APPPATH\Views\Pages\Admin\scholar.php(69): CodeIgniter\Debug\Exceptions->errorHandler(2, 'Undefined variable $scholarinfo', 'C:\\laragon\\www\\capstone\\app\\Views\\Pages\\Admin\\scholar.php', 69)
 2 SYSTEMPATH\View\View.php(228): include('C:\\laragon\\www\\capstone\\app\\Views\\Pages\\Admin\\scholar.php')
 3 SYSTEMPATH\View\View.php(231): CodeIgniter\View\View->CodeIgniter\View\{closure}()
 4 SYSTEMPATH\Common.php(1178): CodeIgniter\View\View->render('pages/admin/scholar', [], true)
 5 APPPATH\Controllers\Admin\ScholarInfoController.php(19): view('pages/admin/scholar')
 6 SYSTEMPATH\CodeIgniter.php(941): App\Controllers\Admin\ScholarInfoController->index()
 7 SYSTEMPATH\CodeIgniter.php(502): CodeIgniter\CodeIgniter->runController(Object(App\Controllers\Admin\ScholarInfoController))
 8 SYSTEMPATH\CodeIgniter.php(361): CodeIgniter\CodeIgniter->handleRequest(null, Object(Config\Cache), false)
 9 FCPATH\index.php(79): CodeIgniter\CodeIgniter->run()
CRITICAL - 2024-02-15 12:47:17 --> ErrorException: Undefined variable $scholarinfo
in APPPATH\Views\Pages\Admin\scholar.php on line 69.
 1 APPPATH\Views\Pages\Admin\scholar.php(69): CodeIgniter\Debug\Exceptions->errorHandler(2, 'Undefined variable $scholarinfo', 'C:\\laragon\\www\\capstone\\app\\Views\\Pages\\Admin\\scholar.php', 69)
 2 SYSTEMPATH\View\View.php(228): include('C:\\laragon\\www\\capstone\\app\\Views\\Pages\\Admin\\scholar.php')
 3 SYSTEMPATH\View\View.php(231): CodeIgniter\View\View->CodeIgniter\View\{closure}()
 4 SYSTEMPATH\Common.php(1178): CodeIgniter\View\View->render('pages/admin/scholar', [], true)
 5 APPPATH\Controllers\Admin\ScholarInfoController.php(19): view('pages/admin/scholar')
 6 SYSTEMPATH\CodeIgniter.php(941): App\Controllers\Admin\ScholarInfoController->index()
 7 SYSTEMPATH\CodeIgniter.php(502): CodeIgniter\CodeIgniter->runController(Object(App\Controllers\Admin\ScholarInfoController))
 8 SYSTEMPATH\CodeIgniter.php(361): CodeIgniter\CodeIgniter->handleRequest(null, Object(Config\Cache), false)
 9 FCPATH\index.php(79): CodeIgniter\CodeIgniter->run()
CRITICAL - 2024-02-15 12:50:01 --> ErrorException: Undefined variable $scholarinfo
in APPPATH\Views\Pages\Admin\scholar.php on line 69.
 1 APPPATH\Views\Pages\Admin\scholar.php(69): CodeIgniter\Debug\Exceptions->errorHandler(2, 'Undefined variable $scholarinfo', 'C:\\laragon\\www\\capstone\\app\\Views\\Pages\\Admin\\scholar.php', 69)
 2 SYSTEMPATH\View\View.php(228): include('C:\\laragon\\www\\capstone\\app\\Views\\Pages\\Admin\\scholar.php')
 3 SYSTEMPATH\View\View.php(231): CodeIgniter\View\View->CodeIgniter\View\{closure}()
 4 SYSTEMPATH\Common.php(1178): CodeIgniter\View\View->render('pages/admin/scholar', [], true)
 5 APPPATH\Controllers\Admin\ScholarInfoController.php(19): view('pages/admin/scholar')
 6 SYSTEMPATH\CodeIgniter.php(941): App\Controllers\Admin\ScholarInfoController->index()
 7 SYSTEMPATH\CodeIgniter.php(502): CodeIgniter\CodeIgniter->runController(Object(App\Controllers\Admin\ScholarInfoController))
 8 SYSTEMPATH\CodeIgniter.php(361): CodeIgniter\CodeIgniter->handleRequest(null, Object(Config\Cache), false)
 9 FCPATH\index.php(79): CodeIgniter\CodeIgniter->run()
CRITICAL - 2024-02-15 12:50:06 --> ErrorException: Undefined variable $scholarinfo
in APPPATH\Views\Pages\Admin\scholar.php on line 69.
 1 APPPATH\Views\Pages\Admin\scholar.php(69): CodeIgniter\Debug\Exceptions->errorHandler(2, 'Undefined variable $scholarinfo', 'C:\\laragon\\www\\capstone\\app\\Views\\Pages\\Admin\\scholar.php', 69)
 2 SYSTEMPATH\View\View.php(228): include('C:\\laragon\\www\\capstone\\app\\Views\\Pages\\Admin\\scholar.php')
 3 SYSTEMPATH\View\View.php(231): CodeIgniter\View\View->CodeIgniter\View\{closure}()
 4 SYSTEMPATH\Common.php(1178): CodeIgniter\View\View->render('pages/admin/scholar', [], true)
 5 APPPATH\Controllers\Admin\ScholarInfoController.php(19): view('pages/admin/scholar')
 6 SYSTEMPATH\CodeIgniter.php(941): App\Controllers\Admin\ScholarInfoController->index()
 7 SYSTEMPATH\CodeIgniter.php(502): CodeIgniter\CodeIgniter->runController(Object(App\Controllers\Admin\ScholarInfoController))
 8 SYSTEMPATH\CodeIgniter.php(361): CodeIgniter\CodeIgniter->handleRequest(null, Object(Config\Cache), false)
 9 FCPATH\index.php(79): CodeIgniter\CodeIgniter->run()
CRITICAL - 2024-02-15 12:50:56 --> ErrorException: Undefined variable $scholarinfo
in APPPATH\Views\Pages\Admin\scholar.php on line 68.
 1 APPPATH\Views\Pages\Admin\scholar.php(68): CodeIgniter\Debug\Exceptions->errorHandler(2, 'Undefined variable $scholarinfo', 'C:\\laragon\\www\\capstone\\app\\Views\\Pages\\Admin\\scholar.php', 68)
 2 SYSTEMPATH\View\View.php(228): include('C:\\laragon\\www\\capstone\\app\\Views\\Pages\\Admin\\scholar.php')
 3 SYSTEMPATH\View\View.php(231): CodeIgniter\View\View->CodeIgniter\View\{closure}()
 4 SYSTEMPATH\Common.php(1178): CodeIgniter\View\View->render('pages/admin/scholar', [], true)
 5 APPPATH\Controllers\Admin\ScholarInfoController.php(19): view('pages/admin/scholar')
 6 SYSTEMPATH\CodeIgniter.php(941): App\Controllers\Admin\ScholarInfoController->index()
 7 SYSTEMPATH\CodeIgniter.php(502): CodeIgniter\CodeIgniter->runController(Object(App\Controllers\Admin\ScholarInfoController))
 8 SYSTEMPATH\CodeIgniter.php(361): CodeIgniter\CodeIgniter->handleRequest(null, Object(Config\Cache), false)
 9 FCPATH\index.php(79): CodeIgniter\CodeIgniter->run()
CRITICAL - 2024-02-15 12:54:10 --> ErrorException: Undefined variable $scholarinfo
in APPPATH\Views\Pages\Admin\scholar.php on line 68.
 1 APPPATH\Views\Pages\Admin\scholar.php(68): CodeIgniter\Debug\Exceptions->errorHandler(2, 'Undefined variable $scholarinfo', 'C:\\laragon\\www\\capstone\\app\\Views\\Pages\\Admin\\scholar.php', 68)
 2 SYSTEMPATH\View\View.php(228): include('C:\\laragon\\www\\capstone\\app\\Views\\Pages\\Admin\\scholar.php')
 3 SYSTEMPATH\View\View.php(231): CodeIgniter\View\View->CodeIgniter\View\{closure}()
 4 SYSTEMPATH\Common.php(1178): CodeIgniter\View\View->render('pages/admin/scholar', [], true)
 5 APPPATH\Controllers\Admin\ScholarInfoController.php(19): view('pages/admin/scholar')
 6 SYSTEMPATH\CodeIgniter.php(941): App\Controllers\Admin\ScholarInfoController->index()
 7 SYSTEMPATH\CodeIgniter.php(502): CodeIgniter\CodeIgniter->runController(Object(App\Controllers\Admin\ScholarInfoController))
 8 SYSTEMPATH\CodeIgniter.php(361): CodeIgniter\CodeIgniter->handleRequest(null, Object(Config\Cache), false)
 9 FCPATH\index.php(79): CodeIgniter\CodeIgniter->run()
CRITICAL - 2024-02-15 12:55:44 --> ErrorException: Undefined variable $scholar_info
in APPPATH\Views\Pages\Admin\scholar.php on line 68.
 1 APPPATH\Views\Pages\Admin\scholar.php(68): CodeIgniter\Debug\Exceptions->errorHandler(2, 'Undefined variable $scholar_info', 'C:\\laragon\\www\\capstone\\app\\Views\\Pages\\Admin\\scholar.php', 68)
 2 SYSTEMPATH\View\View.php(228): include('C:\\laragon\\www\\capstone\\app\\Views\\Pages\\Admin\\scholar.php')
 3 SYSTEMPATH\View\View.php(231): CodeIgniter\View\View->CodeIgniter\View\{closure}()
 4 SYSTEMPATH\Common.php(1178): CodeIgniter\View\View->render('pages/admin/scholar', [], true)
 5 APPPATH\Controllers\Admin\ScholarInfoController.php(19): view('pages/admin/scholar')
 6 SYSTEMPATH\CodeIgniter.php(941): App\Controllers\Admin\ScholarInfoController->index()
 7 SYSTEMPATH\CodeIgniter.php(502): CodeIgniter\CodeIgniter->runController(Object(App\Controllers\Admin\ScholarInfoController))
 8 SYSTEMPATH\CodeIgniter.php(361): CodeIgniter\CodeIgniter->handleRequest(null, Object(Config\Cache), false)
 9 FCPATH\index.php(79): CodeIgniter\CodeIgniter->run()
CRITICAL - 2024-02-15 12:56:52 --> ErrorException: Undefined array key "announcement_desc"
in APPPATH\Views\Pages\Admin\scholar.php on line 71.
 1 APPPATH\Views\Pages\Admin\scholar.php(71): CodeIgniter\Debug\Exceptions->errorHandler(2, 'Undefined array key "announcement_desc"', 'C:\\laragon\\www\\capstone\\app\\Views\\Pages\\Admin\\scholar.php', 71)
 2 SYSTEMPATH\View\View.php(228): include('C:\\laragon\\www\\capstone\\app\\Views\\Pages\\Admin\\scholar.php')
 3 SYSTEMPATH\View\View.php(231): CodeIgniter\View\View->CodeIgniter\View\{closure}()
 4 SYSTEMPATH\Common.php(1178): CodeIgniter\View\View->render('pages/admin/scholar', [], true)
 5 APPPATH\Controllers\Admin\ScholarInfoController.php(19): view('pages/admin/scholar', [...])
 6 SYSTEMPATH\CodeIgniter.php(941): App\Controllers\Admin\ScholarInfoController->index()
 7 SYSTEMPATH\CodeIgniter.php(502): CodeIgniter\CodeIgniter->runController(Object(App\Controllers\Admin\ScholarInfoController))
 8 SYSTEMPATH\CodeIgniter.php(361): CodeIgniter\CodeIgniter->handleRequest(null, Object(Config\Cache), false)
 9 FCPATH\index.php(79): CodeIgniter\CodeIgniter->run()
CRITICAL - 2024-02-15 12:56:54 --> ErrorException: Undefined array key "announcement_desc"
in APPPATH\Views\Pages\Admin\scholar.php on line 71.
 1 APPPATH\Views\Pages\Admin\scholar.php(71): CodeIgniter\Debug\Exceptions->errorHandler(2, 'Undefined array key "announcement_desc"', 'C:\\laragon\\www\\capstone\\app\\Views\\Pages\\Admin\\scholar.php', 71)
 2 SYSTEMPATH\View\View.php(228): include('C:\\laragon\\www\\capstone\\app\\Views\\Pages\\Admin\\scholar.php')
 3 SYSTEMPATH\View\View.php(231): CodeIgniter\View\View->CodeIgniter\View\{closure}()
 4 SYSTEMPATH\Common.php(1178): CodeIgniter\View\View->render('pages/admin/scholar', [], true)
 5 APPPATH\Controllers\Admin\ScholarInfoController.php(19): view('pages/admin/scholar', [...])
 6 SYSTEMPATH\CodeIgniter.php(941): App\Controllers\Admin\ScholarInfoController->index()
 7 SYSTEMPATH\CodeIgniter.php(502): CodeIgniter\CodeIgniter->runController(Object(App\Controllers\Admin\ScholarInfoController))
 8 SYSTEMPATH\CodeIgniter.php(361): CodeIgniter\CodeIgniter->handleRequest(null, Object(Config\Cache), false)
 9 FCPATH\index.php(79): CodeIgniter\CodeIgniter->run()
CRITICAL - 2024-02-15 12:57:12 --> ErrorException: Undefined variable $scholarinfo
in APPPATH\Views\Pages\Admin\scholar.php on line 68.
 1 APPPATH\Views\Pages\Admin\scholar.php(68): CodeIgniter\Debug\Exceptions->errorHandler(2, 'Undefined variable $scholarinfo', 'C:\\laragon\\www\\capstone\\app\\Views\\Pages\\Admin\\scholar.php', 68)
 2 SYSTEMPATH\View\View.php(228): include('C:\\laragon\\www\\capstone\\app\\Views\\Pages\\Admin\\scholar.php')
 3 SYSTEMPATH\View\View.php(231): CodeIgniter\View\View->CodeIgniter\View\{closure}()
 4 SYSTEMPATH\Common.php(1178): CodeIgniter\View\View->render('pages/admin/scholar', [], true)
 5 APPPATH\Controllers\Admin\ScholarInfoController.php(19): view('pages/admin/scholar', [...])
 6 SYSTEMPATH\CodeIgniter.php(941): App\Controllers\Admin\ScholarInfoController->index()
 7 SYSTEMPATH\CodeIgniter.php(502): CodeIgniter\CodeIgniter->runController(Object(App\Controllers\Admin\ScholarInfoController))
 8 SYSTEMPATH\CodeIgniter.php(361): CodeIgniter\CodeIgniter->handleRequest(null, Object(Config\Cache), false)
 9 FCPATH\index.php(79): CodeIgniter\CodeIgniter->run()
CRITICAL - 2024-02-15 12:58:43 --> ErrorException: Undefined array key "announcement_desc"
in APPPATH\Views\Pages\Admin\scholar.php on line 71.
 1 APPPATH\Views\Pages\Admin\scholar.php(71): CodeIgniter\Debug\Exceptions->errorHandler(2, 'Undefined array key "announcement_desc"', 'C:\\laragon\\www\\capstone\\app\\Views\\Pages\\Admin\\scholar.php', 71)
 2 SYSTEMPATH\View\View.php(228): include('C:\\laragon\\www\\capstone\\app\\Views\\Pages\\Admin\\scholar.php')
 3 SYSTEMPATH\View\View.php(231): CodeIgniter\View\View->CodeIgniter\View\{closure}()
 4 SYSTEMPATH\Common.php(1178): CodeIgniter\View\View->render('pages/admin/scholar', [], true)
 5 APPPATH\Controllers\Admin\ScholarInfoController.php(19): view('pages/admin/scholar', [...])
 6 SYSTEMPATH\CodeIgniter.php(941): App\Controllers\Admin\ScholarInfoController->index()
 7 SYSTEMPATH\CodeIgniter.php(502): CodeIgniter\CodeIgniter->runController(Object(App\Controllers\Admin\ScholarInfoController))
 8 SYSTEMPATH\CodeIgniter.php(361): CodeIgniter\CodeIgniter->handleRequest(null, Object(Config\Cache), false)
 9 FCPATH\index.php(79): CodeIgniter\CodeIgniter->run()
CRITICAL - 2024-02-15 12:58:44 --> ErrorException: Undefined array key "announcement_desc"
in APPPATH\Views\Pages\Admin\scholar.php on line 71.
 1 APPPATH\Views\Pages\Admin\scholar.php(71): CodeIgniter\Debug\Exceptions->errorHandler(2, 'Undefined array key "announcement_desc"', 'C:\\laragon\\www\\capstone\\app\\Views\\Pages\\Admin\\scholar.php', 71)
 2 SYSTEMPATH\View\View.php(228): include('C:\\laragon\\www\\capstone\\app\\Views\\Pages\\Admin\\scholar.php')
 3 SYSTEMPATH\View\View.php(231): CodeIgniter\View\View->CodeIgniter\View\{closure}()
 4 SYSTEMPATH\Common.php(1178): CodeIgniter\View\View->render('pages/admin/scholar', [], true)
 5 APPPATH\Controllers\Admin\ScholarInfoController.php(19): view('pages/admin/scholar', [...])
 6 SYSTEMPATH\CodeIgniter.php(941): App\Controllers\Admin\ScholarInfoController->index()
 7 SYSTEMPATH\CodeIgniter.php(502): CodeIgniter\CodeIgniter->runController(Object(App\Controllers\Admin\ScholarInfoController))
 8 SYSTEMPATH\CodeIgniter.php(361): CodeIgniter\CodeIgniter->handleRequest(null, Object(Config\Cache), false)
 9 FCPATH\index.php(79): CodeIgniter\CodeIgniter->run()
CRITICAL - 2024-02-15 12:58:44 --> ErrorException: Undefined array key "announcement_desc"
in APPPATH\Views\Pages\Admin\scholar.php on line 71.
 1 APPPATH\Views\Pages\Admin\scholar.php(71): CodeIgniter\Debug\Exceptions->errorHandler(2, 'Undefined array key "announcement_desc"', 'C:\\laragon\\www\\capstone\\app\\Views\\Pages\\Admin\\scholar.php', 71)
 2 SYSTEMPATH\View\View.php(228): include('C:\\laragon\\www\\capstone\\app\\Views\\Pages\\Admin\\scholar.php')
 3 SYSTEMPATH\View\View.php(231): CodeIgniter\View\View->CodeIgniter\View\{closure}()
 4 SYSTEMPATH\Common.php(1178): CodeIgniter\View\View->render('pages/admin/scholar', [], true)
 5 APPPATH\Controllers\Admin\ScholarInfoController.php(19): view('pages/admin/scholar', [...])
 6 SYSTEMPATH\CodeIgniter.php(941): App\Controllers\Admin\ScholarInfoController->index()
 7 SYSTEMPATH\CodeIgniter.php(502): CodeIgniter\CodeIgniter->runController(Object(App\Controllers\Admin\ScholarInfoController))
 8 SYSTEMPATH\CodeIgniter.php(361): CodeIgniter\CodeIgniter->handleRequest(null, Object(Config\Cache), false)
 9 FCPATH\index.php(79): CodeIgniter\CodeIgniter->run()
CRITICAL - 2024-02-15 12:59:51 --> ErrorException: Undefined variable $a
in APPPATH\Views\Pages\Admin\scholar.php on line 84.
 1 APPPATH\Views\Pages\Admin\scholar.php(84): CodeIgniter\Debug\Exceptions->errorHandler(2, 'Undefined variable $a', 'C:\\laragon\\www\\capstone\\app\\Views\\Pages\\Admin\\scholar.php', 84)
 2 SYSTEMPATH\View\View.php(228): include('C:\\laragon\\www\\capstone\\app\\Views\\Pages\\Admin\\scholar.php')
 3 SYSTEMPATH\View\View.php(231): CodeIgniter\View\View->CodeIgniter\View\{closure}()
 4 SYSTEMPATH\Common.php(1178): CodeIgniter\View\View->render('pages/admin/scholar', [], true)
 5 APPPATH\Controllers\Admin\ScholarInfoController.php(19): view('pages/admin/scholar', [...])
 6 SYSTEMPATH\CodeIgniter.php(941): App\Controllers\Admin\ScholarInfoController->index()
 7 SYSTEMPATH\CodeIgniter.php(502): CodeIgniter\CodeIgniter->runController(Object(App\Controllers\Admin\ScholarInfoController))
 8 SYSTEMPATH\CodeIgniter.php(361): CodeIgniter\CodeIgniter->handleRequest(null, Object(Config\Cache), false)
 9 FCPATH\index.php(79): CodeIgniter\CodeIgniter->run()
CRITICAL - 2024-02-15 13:02:36 --> ErrorException: Undefined variable $a
in APPPATH\Views\Pages\Admin\scholar.php on line 92.
 1 APPPATH\Views\Pages\Admin\scholar.php(92): CodeIgniter\Debug\Exceptions->errorHandler(2, 'Undefined variable $a', 'C:\\laragon\\www\\capstone\\app\\Views\\Pages\\Admin\\scholar.php', 92)
 2 SYSTEMPATH\View\View.php(228): include('C:\\laragon\\www\\capstone\\app\\Views\\Pages\\Admin\\scholar.php')
 3 SYSTEMPATH\View\View.php(231): CodeIgniter\View\View->CodeIgniter\View\{closure}()
 4 SYSTEMPATH\Common.php(1178): CodeIgniter\View\View->render('pages/admin/scholar', [], true)
 5 APPPATH\Controllers\Admin\ScholarInfoController.php(19): view('pages/admin/scholar', [...])
 6 SYSTEMPATH\CodeIgniter.php(941): App\Controllers\Admin\ScholarInfoController->index()
 7 SYSTEMPATH\CodeIgniter.php(502): CodeIgniter\CodeIgniter->runController(Object(App\Controllers\Admin\ScholarInfoController))
 8 SYSTEMPATH\CodeIgniter.php(361): CodeIgniter\CodeIgniter->handleRequest(null, Object(Config\Cache), false)
 9 FCPATH\index.php(79): CodeIgniter\CodeIgniter->run()
CRITICAL - 2024-02-15 13:02:58 --> ErrorException: Undefined array key "scholar_info"
in APPPATH\Views\Pages\Admin\scholar.php on line 92.
 1 APPPATH\Views\Pages\Admin\scholar.php(92): CodeIgniter\Debug\Exceptions->errorHandler(2, 'Undefined array key "scholar_info"', 'C:\\laragon\\www\\capstone\\app\\Views\\Pages\\Admin\\scholar.php', 92)
 2 SYSTEMPATH\View\View.php(228): include('C:\\laragon\\www\\capstone\\app\\Views\\Pages\\Admin\\scholar.php')
 3 SYSTEMPATH\View\View.php(231): CodeIgniter\View\View->CodeIgniter\View\{closure}()
 4 SYSTEMPATH\Common.php(1178): CodeIgniter\View\View->render('pages/admin/scholar', [], true)
 5 APPPATH\Controllers\Admin\ScholarInfoController.php(19): view('pages/admin/scholar', [...])
 6 SYSTEMPATH\CodeIgniter.php(941): App\Controllers\Admin\ScholarInfoController->index()
 7 SYSTEMPATH\CodeIgniter.php(502): CodeIgniter\CodeIgniter->runController(Object(App\Controllers\Admin\ScholarInfoController))
 8 SYSTEMPATH\CodeIgniter.php(361): CodeIgniter\CodeIgniter->handleRequest(null, Object(Config\Cache), false)
 9 FCPATH\index.php(79): CodeIgniter\CodeIgniter->run()
ERROR - 2024-02-15 14:28:34 --> mysqli_sql_exception: Column 'date_posted' cannot be null in C:\laragon\www\capstone\system\Database\MySQLi\Connection.php:306
Stack trace:
#0 C:\laragon\www\capstone\system\Database\MySQLi\Connection.php(306): mysqli->query('INSERT INTO `an...', 0)
#1 C:\laragon\www\capstone\system\Database\BaseConnection.php(693): CodeIgniter\Database\MySQLi\Connection->execute('INSERT INTO `an...')
#2 C:\laragon\www\capstone\system\Database\BaseConnection.php(607): CodeIgniter\Database\BaseConnection->simpleQuery('INSERT INTO `an...')
#3 C:\laragon\www\capstone\system\Database\BaseBuilder.php(2307): CodeIgniter\Database\BaseConnection->query('INSERT INTO `an...', Array, false)
#4 C:\laragon\www\capstone\system\Model.php(326): CodeIgniter\Database\BaseBuilder->insert()
#5 C:\laragon\www\capstone\system\BaseModel.php(802): CodeIgniter\Model->doInsert(Array)
#6 C:\laragon\www\capstone\system\Model.php(744): CodeIgniter\BaseModel->insert(Array, false)
#7 C:\laragon\www\capstone\system\BaseModel.php(713): CodeIgniter\Model->insert(Array, false)
#8 C:\laragon\www\capstone\app\Controllers\Admin\AnnouncementController.php(35): CodeIgniter\BaseModel->save(Array)
#9 C:\laragon\www\capstone\system\CodeIgniter.php(941): App\Controllers\Admin\AnnouncementController->store()
#10 C:\laragon\www\capstone\system\CodeIgniter.php(502): CodeIgniter\CodeIgniter->runController(Object(App\Controllers\Admin\AnnouncementController))
#11 C:\laragon\www\capstone\system\CodeIgniter.php(361): CodeIgniter\CodeIgniter->handleRequest(NULL, Object(Config\Cache), false)
#12 C:\laragon\www\capstone\public\index.php(79): CodeIgniter\CodeIgniter->run()
#13 {main}
CRITICAL - 2024-02-15 14:28:34 --> CodeIgniter\Database\Exceptions\DatabaseException: Column 'date_posted' cannot be null
in SYSTEMPATH\Database\BaseConnection.php on line 647.
 1 SYSTEMPATH\Database\BaseBuilder.php(2307): CodeIgniter\Database\BaseConnection->query('INSERT INTO `announcement` (`announcement_desc`, `date_posted`, `announcement_stat`) VALUES (:announcement_desc:, :date_posted:, :announcement_stat:)', [...], false)
 2 SYSTEMPATH\Model.php(326): CodeIgniter\Database\BaseBuilder->insert()
 3 SYSTEMPATH\BaseModel.php(802): CodeIgniter\Model->doInsert([...])
 4 SYSTEMPATH\Model.php(744): CodeIgniter\BaseModel->insert([...], false)
 5 SYSTEMPATH\BaseModel.php(713): CodeIgniter\Model->insert([...], false)
 6 APPPATH\Controllers\Admin\AnnouncementController.php(35): CodeIgniter\BaseModel->save([...])
 7 SYSTEMPATH\CodeIgniter.php(941): App\Controllers\Admin\AnnouncementController->store()
 8 SYSTEMPATH\CodeIgniter.php(502): CodeIgniter\CodeIgniter->runController(Object(App\Controllers\Admin\AnnouncementController))
 9 SYSTEMPATH\CodeIgniter.php(361): CodeIgniter\CodeIgniter->handleRequest(null, Object(Config\Cache), false)
10 FCPATH\index.php(79): CodeIgniter\CodeIgniter->run()
CRITICAL - 2024-02-15 14:28:34 --> [Caused by] CodeIgniter\Database\Exceptions\DatabaseException: Column 'date_posted' cannot be null
in SYSTEMPATH\Database\MySQLi\Connection.php on line 311.
 1 SYSTEMPATH\Database\BaseConnection.php(693): CodeIgniter\Database\MySQLi\Connection->execute('INSERT INTO `announcement` (`announcement_desc`, `date_posted`, `announcement_stat`) VALUES (\'sbbbb\', NULL, \'Approved\')')
 2 SYSTEMPATH\Database\BaseConnection.php(607): CodeIgniter\Database\BaseConnection->simpleQuery('INSERT INTO `announcement` (`announcement_desc`, `date_posted`, `announcement_stat`) VALUES (\'sbbbb\', NULL, \'Approved\')')
 3 SYSTEMPATH\Database\BaseBuilder.php(2307): CodeIgniter\Database\BaseConnection->query('INSERT INTO `announcement` (`announcement_desc`, `date_posted`, `announcement_stat`) VALUES (:announcement_desc:, :date_posted:, :announcement_stat:)', [...], false)
 4 SYSTEMPATH\Model.php(326): CodeIgniter\Database\BaseBuilder->insert()
 5 SYSTEMPATH\BaseModel.php(802): CodeIgniter\Model->doInsert([...])
 6 SYSTEMPATH\Model.php(744): CodeIgniter\BaseModel->insert([...], false)
 7 SYSTEMPATH\BaseModel.php(713): CodeIgniter\Model->insert([...], false)
 8 APPPATH\Controllers\Admin\AnnouncementController.php(35): CodeIgniter\BaseModel->save([...])
 9 SYSTEMPATH\CodeIgniter.php(941): App\Controllers\Admin\AnnouncementController->store()
10 SYSTEMPATH\CodeIgniter.php(502): CodeIgniter\CodeIgniter->runController(Object(App\Controllers\Admin\AnnouncementController))
11 SYSTEMPATH\CodeIgniter.php(361): CodeIgniter\CodeIgniter->handleRequest(null, Object(Config\Cache), false)
12 FCPATH\index.php(79): CodeIgniter\CodeIgniter->run()
CRITICAL - 2024-02-15 14:28:34 --> [Caused by] mysqli_sql_exception: Column 'date_posted' cannot be null
in SYSTEMPATH\Database\MySQLi\Connection.php on line 306.
 1 SYSTEMPATH\Database\MySQLi\Connection.php(306): mysqli->query('INSERT INTO `announcement` (`announcement_desc`, `date_posted`, `announcement_stat`) VALUES (\'sbbbb\', NULL, \'Approved\')', 0)
 2 SYSTEMPATH\Database\BaseConnection.php(693): CodeIgniter\Database\MySQLi\Connection->execute('INSERT INTO `announcement` (`announcement_desc`, `date_posted`, `announcement_stat`) VALUES (\'sbbbb\', NULL, \'Approved\')')
 3 SYSTEMPATH\Database\BaseConnection.php(607): CodeIgniter\Database\BaseConnection->simpleQuery('INSERT INTO `announcement` (`announcement_desc`, `date_posted`, `announcement_stat`) VALUES (\'sbbbb\', NULL, \'Approved\')')
 4 SYSTEMPATH\Database\BaseBuilder.php(2307): CodeIgniter\Database\BaseConnection->query('INSERT INTO `announcement` (`announcement_desc`, `date_posted`, `announcement_stat`) VALUES (:announcement_desc:, :date_posted:, :announcement_stat:)', [...], false)
 5 SYSTEMPATH\Model.php(326): CodeIgniter\Database\BaseBuilder->insert()
 6 SYSTEMPATH\BaseModel.php(802): CodeIgniter\Model->doInsert([...])
 7 SYSTEMPATH\Model.php(744): CodeIgniter\BaseModel->insert([...], false)
 8 SYSTEMPATH\BaseModel.php(713): CodeIgniter\Model->insert([...], false)
 9 APPPATH\Controllers\Admin\AnnouncementController.php(35): CodeIgniter\BaseModel->save([...])
10 SYSTEMPATH\CodeIgniter.php(941): App\Controllers\Admin\AnnouncementController->store()
11 SYSTEMPATH\CodeIgniter.php(502): CodeIgniter\CodeIgniter->runController(Object(App\Controllers\Admin\AnnouncementController))
12 SYSTEMPATH\CodeIgniter.php(361): CodeIgniter\CodeIgniter->handleRequest(null, Object(Config\Cache), false)
13 FCPATH\index.php(79): CodeIgniter\CodeIgniter->run()
ERROR - 2024-02-15 14:31:12 --> mysqli_sql_exception: Column 'date_posted' cannot be null in C:\laragon\www\capstone\system\Database\MySQLi\Connection.php:306
Stack trace:
#0 C:\laragon\www\capstone\system\Database\MySQLi\Connection.php(306): mysqli->query('INSERT INTO `an...', 0)
#1 C:\laragon\www\capstone\system\Database\BaseConnection.php(693): CodeIgniter\Database\MySQLi\Connection->execute('INSERT INTO `an...')
#2 C:\laragon\www\capstone\system\Database\BaseConnection.php(607): CodeIgniter\Database\BaseConnection->simpleQuery('INSERT INTO `an...')
#3 C:\laragon\www\capstone\system\Database\BaseBuilder.php(2307): CodeIgniter\Database\BaseConnection->query('INSERT INTO `an...', Array, false)
#4 C:\laragon\www\capstone\system\Model.php(326): CodeIgniter\Database\BaseBuilder->insert()
#5 C:\laragon\www\capstone\system\BaseModel.php(802): CodeIgniter\Model->doInsert(Array)
#6 C:\laragon\www\capstone\system\Model.php(744): CodeIgniter\BaseModel->insert(Array, false)
#7 C:\laragon\www\capstone\system\BaseModel.php(713): CodeIgniter\Model->insert(Array, false)
#8 C:\laragon\www\capstone\app\Controllers\Admin\AnnouncementController.php(35): CodeIgniter\BaseModel->save(Array)
#9 C:\laragon\www\capstone\system\CodeIgniter.php(941): App\Controllers\Admin\AnnouncementController->store()
#10 C:\laragon\www\capstone\system\CodeIgniter.php(502): CodeIgniter\CodeIgniter->runController(Object(App\Controllers\Admin\AnnouncementController))
#11 C:\laragon\www\capstone\system\CodeIgniter.php(361): CodeIgniter\CodeIgniter->handleRequest(NULL, Object(Config\Cache), false)
#12 C:\laragon\www\capstone\public\index.php(79): CodeIgniter\CodeIgniter->run()
#13 {main}
CRITICAL - 2024-02-15 14:31:12 --> CodeIgniter\Database\Exceptions\DatabaseException: Column 'date_posted' cannot be null
in SYSTEMPATH\Database\BaseConnection.php on line 647.
 1 SYSTEMPATH\Database\BaseBuilder.php(2307): CodeIgniter\Database\BaseConnection->query('INSERT INTO `announcement` (`announcement_desc`, `date_posted`, `announcement_stat`) VALUES (:announcement_desc:, :date_posted:, :announcement_stat:)', [...], false)
 2 SYSTEMPATH\Model.php(326): CodeIgniter\Database\BaseBuilder->insert()
 3 SYSTEMPATH\BaseModel.php(802): CodeIgniter\Model->doInsert([...])
 4 SYSTEMPATH\Model.php(744): CodeIgniter\BaseModel->insert([...], false)
 5 SYSTEMPATH\BaseModel.php(713): CodeIgniter\Model->insert([...], false)
 6 APPPATH\Controllers\Admin\AnnouncementController.php(35): CodeIgniter\BaseModel->save([...])
 7 SYSTEMPATH\CodeIgniter.php(941): App\Controllers\Admin\AnnouncementController->store()
 8 SYSTEMPATH\CodeIgniter.php(502): CodeIgniter\CodeIgniter->runController(Object(App\Controllers\Admin\AnnouncementController))
 9 SYSTEMPATH\CodeIgniter.php(361): CodeIgniter\CodeIgniter->handleRequest(null, Object(Config\Cache), false)
10 FCPATH\index.php(79): CodeIgniter\CodeIgniter->run()
CRITICAL - 2024-02-15 14:31:12 --> [Caused by] CodeIgniter\Database\Exceptions\DatabaseException: Column 'date_posted' cannot be null
in SYSTEMPATH\Database\MySQLi\Connection.php on line 311.
 1 SYSTEMPATH\Database\BaseConnection.php(693): CodeIgniter\Database\MySQLi\Connection->execute('INSERT INTO `announcement` (`announcement_desc`, `date_posted`, `announcement_stat`) VALUES (\'sbbbb\', NULL, \'Approved\')')
 2 SYSTEMPATH\Database\BaseConnection.php(607): CodeIgniter\Database\BaseConnection->simpleQuery('INSERT INTO `announcement` (`announcement_desc`, `date_posted`, `announcement_stat`) VALUES (\'sbbbb\', NULL, \'Approved\')')
 3 SYSTEMPATH\Database\BaseBuilder.php(2307): CodeIgniter\Database\BaseConnection->query('INSERT INTO `announcement` (`announcement_desc`, `date_posted`, `announcement_stat`) VALUES (:announcement_desc:, :date_posted:, :announcement_stat:)', [...], false)
 4 SYSTEMPATH\Model.php(326): CodeIgniter\Database\BaseBuilder->insert()
 5 SYSTEMPATH\BaseModel.php(802): CodeIgniter\Model->doInsert([...])
 6 SYSTEMPATH\Model.php(744): CodeIgniter\BaseModel->insert([...], false)
 7 SYSTEMPATH\BaseModel.php(713): CodeIgniter\Model->insert([...], false)
 8 APPPATH\Controllers\Admin\AnnouncementController.php(35): CodeIgniter\BaseModel->save([...])
 9 SYSTEMPATH\CodeIgniter.php(941): App\Controllers\Admin\AnnouncementController->store()
10 SYSTEMPATH\CodeIgniter.php(502): CodeIgniter\CodeIgniter->runController(Object(App\Controllers\Admin\AnnouncementController))
11 SYSTEMPATH\CodeIgniter.php(361): CodeIgniter\CodeIgniter->handleRequest(null, Object(Config\Cache), false)
12 FCPATH\index.php(79): CodeIgniter\CodeIgniter->run()
CRITICAL - 2024-02-15 14:31:12 --> [Caused by] mysqli_sql_exception: Column 'date_posted' cannot be null
in SYSTEMPATH\Database\MySQLi\Connection.php on line 306.
 1 SYSTEMPATH\Database\MySQLi\Connection.php(306): mysqli->query('INSERT INTO `announcement` (`announcement_desc`, `date_posted`, `announcement_stat`) VALUES (\'sbbbb\', NULL, \'Approved\')', 0)
 2 SYSTEMPATH\Database\BaseConnection.php(693): CodeIgniter\Database\MySQLi\Connection->execute('INSERT INTO `announcement` (`announcement_desc`, `date_posted`, `announcement_stat`) VALUES (\'sbbbb\', NULL, \'Approved\')')
 3 SYSTEMPATH\Database\BaseConnection.php(607): CodeIgniter\Database\BaseConnection->simpleQuery('INSERT INTO `announcement` (`announcement_desc`, `date_posted`, `announcement_stat`) VALUES (\'sbbbb\', NULL, \'Approved\')')
 4 SYSTEMPATH\Database\BaseBuilder.php(2307): CodeIgniter\Database\BaseConnection->query('INSERT INTO `announcement` (`announcement_desc`, `date_posted`, `announcement_stat`) VALUES (:announcement_desc:, :date_posted:, :announcement_stat:)', [...], false)
 5 SYSTEMPATH\Model.php(326): CodeIgniter\Database\BaseBuilder->insert()
 6 SYSTEMPATH\BaseModel.php(802): CodeIgniter\Model->doInsert([...])
 7 SYSTEMPATH\Model.php(744): CodeIgniter\BaseModel->insert([...], false)
 8 SYSTEMPATH\BaseModel.php(713): CodeIgniter\Model->insert([...], false)
 9 APPPATH\Controllers\Admin\AnnouncementController.php(35): CodeIgniter\BaseModel->save([...])
10 SYSTEMPATH\CodeIgniter.php(941): App\Controllers\Admin\AnnouncementController->store()
11 SYSTEMPATH\CodeIgniter.php(502): CodeIgniter\CodeIgniter->runController(Object(App\Controllers\Admin\AnnouncementController))
12 SYSTEMPATH\CodeIgniter.php(361): CodeIgniter\CodeIgniter->handleRequest(null, Object(Config\Cache), false)
13 FCPATH\index.php(79): CodeIgniter\CodeIgniter->run()
